manifest-merger-release-report.txt
-- Merging decision tree log ---
manifest
ADDED from AndroidManifest.xml:2:1
	android:hardwareAccelerated
		ADDED from AndroidManifest.xml:2:11
	xmlns:android
		ADDED from AndroidManifest.xml:3:5
	package
		ADDED from AndroidManifest.xml:2:98
	android:versionName
		ADDED from AndroidManifest.xml:2:70
	android:versionCode
		ADDED from AndroidManifest.xml:2:46
		INJECTED from AndroidManifest.xml:0:0
		INJECTED from AndroidManifest.xml:0:0
supports-screens
ADDED from AndroidManifest.xml:4:5
	android:resizeable
		ADDED from AndroidManifest.xml:4:106
	android:largeScreens
		ADDED from AndroidManifest.xml:4:49
	android:anyDensity
		ADDED from AndroidManifest.xml:4:23
	android:normalScreens
		ADDED from AndroidManifest.xml:4:77
	android:xlargeScreens
		ADDED from AndroidManifest.xml:4:160
	android:smallScreens
		ADDED from AndroidManifest.xml:4:132
uses-permission#android.permission.INTERNET
ADDED from AndroidManifest.xml:5:5
	android:name
		ADDED from AndroidManifest.xml:5:22
uses-permission#android.permission.ACCESS_NETWORK_STATE
ADDED from AndroidManifest.xml:6:5
	android:name
		ADDED from AndroidManifest.xml:6:22
uses-permission#android.permission.ACCESS_WIFI_STATE
ADDED from AndroidManifest.xml:7:5
	android:name
		ADDED from AndroidManifest.xml:7:22
uses-permission#android.permission.FLASHLIGHT
ADDED from AndroidManifest.xml:8:5
	android:name
		ADDED from AndroidManifest.xml:8:22
application
ADDED from AndroidManifest.xml:9:5
	android:supportsRtl
		ADDED from AndroidManifest.xml:9:116
	android:label
		ADDED from AndroidManifest.xml:9:83
	android:icon
		ADDED from AndroidManifest.xml:9:53
	android:hardwareAccelerated
		ADDED from AndroidManifest.xml:9:18
activity#com.example.Basic_B_Flashlight.MainActivity
ADDED from AndroidManifest.xml:10:9
	android:windowSoftInputMode
		ADDED from AndroidManifest.xml:10:279
	android:label
		ADDED from AndroidManifest.xml:10:97
	android:configChanges
		ADDED from AndroidManifest.xml:10:19
	android:theme
		ADDED from AndroidManifest.xml:10:225
	android:name
		ADDED from AndroidManifest.xml:10:166
	android:launchMode
		ADDED from AndroidManifest.xml:10:135
intent-filter#android.intent.action.MAIN+android.intent.category.LAUNCHER
ADDED from AndroidManifest.xml:11:13
	android:label
		ADDED from AndroidManifest.xml:11:28
action#android.intent.action.MAIN
ADDED from AndroidManifest.xml:12:17
	android:name
		ADDED from AndroidManifest.xml:12:25
category#android.intent.category.LAUNCHER
ADDED from AndroidManifest.xml:13:17
	android:name
		ADDED from AndroidManifest.xml:13:27
uses-sdk
ADDED from AndroidManifest.xml:17:5
MERGED from PhoneGap base with flashlight example. Need to use full base to add more plugins:CordovaLib:unspecified:release:25:5
	android:targetSdkVersion
		ADDED from AndroidManifest.xml:17:42
	android:minSdkVersion
		ADDED from AndroidManifest.xml:17:15
uses-permission#android.permission.CAMERA
ADDED from AndroidManifest.xml:18:5
	android:name
		ADDED from AndroidManifest.xml:18:22